0 info it worked if it ends with ok
1 verbose cli [ '/usr/local/node-v5.9.0-linux-x64/bin/node',
1 verbose cli   '/usr/bin/node/bin/npm',
1 verbose cli   'start' ]
2 info using npm@3.7.3
3 info using node@v5.9.0
4 verbose run-script [ 'prestart', 'start', 'poststart' ]
5 info lifecycle LocalAuthApp@0.0.0~prestart: LocalAuthApp@0.0.0
6 silly lifecycle LocalAuthApp@0.0.0~prestart: no script for prestart, continuing
7 info lifecycle LocalAuthApp@0.0.0~start: LocalAuthApp@0.0.0
8 verbose lifecycle LocalAuthApp@0.0.0~start: unsafe-perm in lifecycle true
9 verbose lifecycle LocalAuthApp@0.0.0~start: PATH: /usr/local/node-v5.9.0-linux-x64/lib/node_modules/npm/bin/node-gyp-bin:/home/msmelo/Documentos/LocalAuthApp/node_modules/.bin:/usr/local/node-v5.9.0-linux-x64/bin:/usr/local/sbin:/usr/local/bin:/usr/sbin:/usr/bin:/sbin:/bin:/usr/games:/usr/local/games:/usr/lib/jvm/java-8-oracle/bin:/usr/lib/jvm/java-8-oracle/jre/bin:/opt/tomcat/bin:/usr/bin/node/bin
10 verbose lifecycle LocalAuthApp@0.0.0~start: CWD: /home/msmelo/Documentos/LocalAuthApp
11 silly lifecycle LocalAuthApp@0.0.0~start: Args: [ '-c', 'node ./bin/www' ]
12 silly lifecycle LocalAuthApp@0.0.0~start: Returned: code: 1  signal: null
13 info lifecycle LocalAuthApp@0.0.0~start: Failed to exec start script
14 verbose stack Error: LocalAuthApp@0.0.0 start: `node ./bin/www`
14 verbose stack Exit status 1
14 verbose stack     at EventEmitter.<anonymous> (/usr/local/node-v5.9.0-linux-x64/lib/node_modules/npm/lib/utils/lifecycle.js:239:16)
14 verbose stack     at emitTwo (events.js:100:13)
14 verbose stack     at EventEmitter.emit (events.js:185:7)
14 verbose stack     at ChildProcess.<anonymous> (/usr/local/node-v5.9.0-linux-x64/lib/node_modules/npm/lib/utils/spawn.js:24:14)
14 verbose stack     at emitTwo (events.js:100:13)
14 verbose stack     at ChildProcess.emit (events.js:185:7)
14 verbose stack     at maybeClose (internal/child_process.js:850:16)
14 verbose stack     at Process.ChildProcess._handle.onexit (internal/child_process.js:215:5)
15 verbose pkgid LocalAuthApp@0.0.0
16 verbose cwd /home/msmelo/Documentos/LocalAuthApp
17 error Linux 3.19.0-51-generic
18 error argv "/usr/local/node-v5.9.0-linux-x64/bin/node" "/usr/bin/node/bin/npm" "start"
19 error node v5.9.0
20 error npm  v3.7.3
21 error code ELIFECYCLE
22 error LocalAuthApp@0.0.0 start: `node ./bin/www`
22 error Exit status 1
23 error Failed at the LocalAuthApp@0.0.0 start script 'node ./bin/www'.
23 error Make sure you have the latest version of node.js and npm installed.
23 error If you do, this is most likely a problem with the LocalAuthApp package,
23 error not with npm itself.
23 error Tell the author that this fails on your system:
23 error     node ./bin/www
23 error You can get information on how to open an issue for this project with:
23 error     npm bugs LocalAuthApp
23 error Or if that isn't available, you can get their info via:
23 error     npm owner ls LocalAuthApp
23 error There is likely additional logging output above.
24 verbose exit [ 1, true ]
